2023-05-30 13:20:46,264 [Worker-2: Loading available Gradle versions] INFO  o.e.b.c.i.u.g.PublishedGradleVersions - Gradle version information cache is up-to-date. Trying to read.
2023-05-30 13:21:21,177 [Worker-13: Building] INFO  o.e.m.c.i.l.LifecycleMappingFactory - Using org.eclipse.m2e.jdt.JarLifecycleMapping lifecycle mapping for MavenProject: maven:jfx:0.0.1-SNAPSHOT @ C:\Users\Luka Rudan\Desktop\Diplomski rad\primeri - JavaFx Tutotial for beginners\3.- JavaFX Controls Basics\CalculatorFX\pom.xml.
2023-05-30 13:21:21,638 [Worker-13: Building] INFO  o.e.m.c.i.embedder.EclipseLogger - Using 'UTF-8' encoding to copy filtered resources.
2023-05-30 13:21:21,638 [Worker-13: Building] INFO  o.e.m.c.i.embedder.EclipseLogger - skip non existing resourceDirectory C:\Users\Luka Rudan\Desktop\Diplomski rad\primeri - JavaFx Tutotial for beginners\3.- JavaFX Controls Basics\CalculatorFX\src\main\resources
2023-05-30 13:21:21,643 [Worker-13: Building] INFO  o.e.m.c.i.embedder.EclipseLogger - Using 'UTF-8' encoding to copy filtered resources.
2023-05-30 13:21:21,643 [Worker-13: Building] INFO  o.e.m.c.i.embedder.EclipseLogger - skip non existing resourceDirectory C:\Users\Luka Rudan\Desktop\Diplomski rad\primeri - JavaFx Tutotial for beginners\3.- JavaFX Controls Basics\CalculatorFX\src\test\resources
2023-05-30 13:21:22,201 [Worker-19: Building] INFO  o.e.m.c.i.l.LifecycleMappingFactory - Using org.eclipse.m2e.jdt.JarLifecycleMapping lifecycle mapping for MavenProject: maven:jfx:0.0.1-SNAPSHOT @ C:\Users\Luka Rudan\Desktop\Diplomski rad\primeri - JavaFx Tutotial for beginners\3.- JavaFX Controls Basics\ComboBox\pom.xml.
2023-05-30 13:21:22,289 [Worker-19: Building] INFO  o.e.m.c.i.embedder.EclipseLogger - Using 'UTF-8' encoding to copy filtered resources.
2023-05-30 13:21:22,290 [Worker-19: Building] INFO  o.e.m.c.i.embedder.EclipseLogger - skip non existing resourceDirectory C:\Users\Luka Rudan\Desktop\Diplomski rad\primeri - JavaFx Tutotial for beginners\3.- JavaFX Controls Basics\ComboBox\src\main\resources
2023-05-30 13:21:22,293 [Worker-19: Building] INFO  o.e.m.c.i.embedder.EclipseLogger - Using 'UTF-8' encoding to copy filtered resources.
2023-05-30 13:21:22,294 [Worker-19: Building] INFO  o.e.m.c.i.embedder.EclipseLogger - skip non existing resourceDirectory C:\Users\Luka Rudan\Desktop\Diplomski rad\primeri - JavaFx Tutotial for beginners\3.- JavaFX Controls Basics\ComboBox\src\test\resources
2023-05-30 13:21:22,482 [Worker-19: Building] INFO  o.e.m.c.i.l.LifecycleMappingFactory - Using org.eclipse.m2e.jdt.JarLifecycleMapping lifecycle mapping for MavenProject: maven:jfx:0.0.1-SNAPSHOT @ C:\Users\Luka Rudan\Desktop\Diplomski rad\primeri - JavaFx Tutotial for beginners\3.- JavaFX Controls Basics\ComboBox, ListView\pom.xml.
2023-05-30 13:21:22,579 [Worker-19: Building] INFO  o.e.m.c.i.embedder.EclipseLogger - Using 'UTF-8' encoding to copy filtered resources.
2023-05-30 13:21:22,580 [Worker-19: Building] INFO  o.e.m.c.i.embedder.EclipseLogger - skip non existing resourceDirectory C:\Users\Luka Rudan\Desktop\Diplomski rad\primeri - JavaFx Tutotial for beginners\3.- JavaFX Controls Basics\ComboBox, ListView\src\main\resources
2023-05-30 13:21:22,583 [Worker-19: Building] INFO  o.e.m.c.i.embedder.EclipseLogger - Using 'UTF-8' encoding to copy filtered resources.
2023-05-30 13:21:22,583 [Worker-19: Building] INFO  o.e.m.c.i.embedder.EclipseLogger - skip non existing resourceDirectory C:\Users\Luka Rudan\Desktop\Diplomski rad\primeri - JavaFx Tutotial for beginners\3.- JavaFX Controls Basics\ComboBox, ListView\src\test\resources
2023-05-30 13:21:22,789 [Worker-19: Building] INFO  o.e.m.c.i.l.LifecycleMappingFactory - Using org.eclipse.m2e.jdt.JarLifecycleMapping lifecycle mapping for MavenProject: maven:jfx:0.0.1-SNAPSHOT @ C:\Users\Luka Rudan\Desktop\Diplomski rad\primeri - JavaFx Tutotial for beginners\3.- JavaFX Controls Basics\FileChooser\pom.xml.
2023-05-30 13:21:22,887 [Worker-19: Building] INFO  o.e.m.c.i.embedder.EclipseLogger - Using 'UTF-8' encoding to copy filtered resources.
2023-05-30 13:21:22,887 [Worker-19: Building] INFO  o.e.m.c.i.embedder.EclipseLogger - skip non existing resourceDirectory C:\Users\Luka Rudan\Desktop\Diplomski rad\primeri - JavaFx Tutotial for beginners\3.- JavaFX Controls Basics\FileChooser\src\main\resources
2023-05-30 13:21:22,890 [Worker-19: Building] INFO  o.e.m.c.i.embedder.EclipseLogger - Using 'UTF-8' encoding to copy filtered resources.
2023-05-30 13:21:22,891 [Worker-19: Building] INFO  o.e.m.c.i.embedder.EclipseLogger - skip non existing resourceDirectory C:\Users\Luka Rudan\Desktop\Diplomski rad\primeri - JavaFx Tutotial for beginners\3.- JavaFX Controls Basics\FileChooser\src\test\resources
2023-05-30 13:21:23,085 [Worker-19: Building] INFO  o.e.m.c.i.l.LifecycleMappingFactory - Using org.eclipse.m2e.jdt.JarLifecycleMapping lifecycle mapping for MavenProject: maven:jfx:0.0.1-SNAPSHOT @ C:\Users\Luka Rudan\Desktop\Diplomski rad\primeri - JavaFx Tutotial for beginners\3.- JavaFX Controls Basics\JavaFxTest\pom.xml.
2023-05-30 13:21:23,179 [Worker-19: Building] INFO  o.e.m.c.i.embedder.EclipseLogger - Using 'UTF-8' encoding to copy filtered resources.
2023-05-30 13:21:23,179 [Worker-19: Building] INFO  o.e.m.c.i.embedder.EclipseLogger - skip non existing resourceDirectory C:\Users\Luka Rudan\Desktop\Diplomski rad\primeri - JavaFx Tutotial for beginners\3.- JavaFX Controls Basics\JavaFxTest\src\main\resources
2023-05-30 13:21:23,182 [Worker-19: Building] INFO  o.e.m.c.i.embedder.EclipseLogger - Using 'UTF-8' encoding to copy filtered resources.
2023-05-30 13:21:23,183 [Worker-19: Building] INFO  o.e.m.c.i.embedder.EclipseLogger - skip non existing resourceDirectory C:\Users\Luka Rudan\Desktop\Diplomski rad\primeri - JavaFx Tutotial for beginners\3.- JavaFX Controls Basics\JavaFxTest\src\test\resources
2023-05-30 13:21:23,378 [Worker-19: Building] INFO  o.e.m.c.i.l.LifecycleMappingFactory - Using org.eclipse.m2e.jdt.JarLifecycleMapping lifecycle mapping for MavenProject: maven:jfx:0.0.1-SNAPSHOT @ C:\Users\Luka Rudan\Desktop\Diplomski rad\primeri - JavaFx Tutotial for beginners\3.- JavaFX Controls Basics\LoginFx\pom.xml.
2023-05-30 13:21:23,670 [Worker-19: Building] INFO  o.e.m.c.i.embedder.EclipseLogger - Using 'UTF-8' encoding to copy filtered resources.
2023-05-30 13:21:23,670 [Worker-19: Building] INFO  o.e.m.c.i.embedder.EclipseLogger - skip non existing resourceDirectory C:\Users\Luka Rudan\Desktop\Diplomski rad\primeri - JavaFx Tutotial for beginners\3.- JavaFX Controls Basics\LoginFx\src\main\resources
2023-05-30 13:21:23,673 [Worker-19: Building] INFO  o.e.m.c.i.embedder.EclipseLogger - Using 'UTF-8' encoding to copy filtered resources.
2023-05-30 13:21:23,673 [Worker-19: Building] INFO  o.e.m.c.i.embedder.EclipseLogger - skip non existing resourceDirectory C:\Users\Luka Rudan\Desktop\Diplomski rad\primeri - JavaFx Tutotial for beginners\3.- JavaFX Controls Basics\LoginFx\src\test\resources
2023-05-30 13:21:24,626 [Worker-17: Building] INFO  o.e.m.c.i.l.LifecycleMappingFactory - Using org.eclipse.m2e.jdt.JarLifecycleMapping lifecycle mapping for MavenProject: maven:jfx:0.0.1-SNAPSHOT @ C:\Users\Luka Rudan\Desktop\Diplomski rad\primeri - JavaFx Tutotial for beginners\3.- JavaFX Controls Basics\TreeView\pom.xml.
2023-05-30 13:21:24,755 [Worker-17: Building] INFO  o.e.m.c.i.embedder.EclipseLogger - Using 'UTF-8' encoding to copy filtered resources.
2023-05-30 13:21:24,755 [Worker-17: Building] INFO  o.e.m.c.i.embedder.EclipseLogger - skip non existing resourceDirectory C:\Users\Luka Rudan\Desktop\Diplomski rad\primeri - JavaFx Tutotial for beginners\3.- JavaFX Controls Basics\TreeView\src\main\resources
2023-05-30 13:21:24,758 [Worker-17: Building] INFO  o.e.m.c.i.embedder.EclipseLogger - Using 'UTF-8' encoding to copy filtered resources.
2023-05-30 13:21:24,758 [Worker-17: Building] INFO  o.e.m.c.i.embedder.EclipseLogger - skip non existing resourceDirectory C:\Users\Luka Rudan\Desktop\Diplomski rad\primeri - JavaFx Tutotial for beginners\3.- JavaFX Controls Basics\TreeView\src\test\resources
