2023-05-30 13:21:50,985 [Worker-4: Loading available Gradle versions] INFO  o.e.b.c.i.u.g.PublishedGradleVersions - Gradle version information cache is up-to-date. Trying to read.
2023-05-30 13:21:53,390 [Worker-7: Building] INFO  o.e.m.c.i.l.LifecycleMappingFactory - Using org.eclipse.m2e.jdt.JarLifecycleMapping lifecycle mapping for MavenProject: maven:jfx:0.0.1-SNAPSHOT @ C:\Users\Luka Rudan\Desktop\Diplomski rad\primeri - JavaFx Tutotial for beginners\3.- JavaFX Controls Basics\CalculatorFX\pom.xml.
2023-05-30 13:21:54,018 [Worker-7: Building] INFO  o.e.m.c.i.embedder.EclipseLogger - Using 'UTF-8' encoding to copy filtered resources.
2023-05-30 13:21:54,019 [Worker-7: Building] INFO  o.e.m.c.i.embedder.EclipseLogger - skip non existing resourceDirectory C:\Users\Luka Rudan\Desktop\Diplomski rad\primeri - JavaFx Tutotial for beginners\3.- JavaFX Controls Basics\CalculatorFX\src\main\resources
2023-05-30 13:21:54,025 [Worker-7: Building] INFO  o.e.m.c.i.embedder.EclipseLogger - Using 'UTF-8' encoding to copy filtered resources.
2023-05-30 13:21:54,026 [Worker-7: Building] INFO  o.e.m.c.i.embedder.EclipseLogger - skip non existing resourceDirectory C:\Users\Luka Rudan\Desktop\Diplomski rad\primeri - JavaFx Tutotial for beginners\3.- JavaFX Controls Basics\CalculatorFX\src\test\resources
2023-05-30 13:21:54,492 [Worker-0: Building] INFO  o.e.m.c.i.l.LifecycleMappingFactory - Using org.eclipse.m2e.jdt.JarLifecycleMapping lifecycle mapping for MavenProject: maven:jfx:0.0.1-SNAPSHOT @ C:\Users\Luka Rudan\Desktop\Diplomski rad\primeri - JavaFx Tutotial for beginners\3.- JavaFX Controls Basics\ComboBox, ListView\pom.xml.
2023-05-30 13:21:54,624 [Worker-0: Building] INFO  o.e.m.c.i.embedder.EclipseLogger - Using 'UTF-8' encoding to copy filtered resources.
2023-05-30 13:21:54,624 [Worker-0: Building] INFO  o.e.m.c.i.embedder.EclipseLogger - skip non existing resourceDirectory C:\Users\Luka Rudan\Desktop\Diplomski rad\primeri - JavaFx Tutotial for beginners\3.- JavaFX Controls Basics\ComboBox, ListView\src\main\resources
2023-05-30 13:21:54,628 [Worker-0: Building] INFO  o.e.m.c.i.embedder.EclipseLogger - Using 'UTF-8' encoding to copy filtered resources.
2023-05-30 13:21:54,629 [Worker-0: Building] INFO  o.e.m.c.i.embedder.EclipseLogger - skip non existing resourceDirectory C:\Users\Luka Rudan\Desktop\Diplomski rad\primeri - JavaFx Tutotial for beginners\3.- JavaFX Controls Basics\ComboBox, ListView\src\test\resources
2023-05-30 13:21:54,877 [Worker-0: Building] INFO  o.e.m.c.i.l.LifecycleMappingFactory - Using org.eclipse.m2e.jdt.JarLifecycleMapping lifecycle mapping for MavenProject: maven:jfx:0.0.1-SNAPSHOT @ C:\Users\Luka Rudan\Desktop\Diplomski rad\primeri - JavaFx Tutotial for beginners\3.- JavaFX Controls Basics\FileChooser\pom.xml.
2023-05-30 13:21:55,023 [Worker-0: Building] INFO  o.e.m.c.i.embedder.EclipseLogger - Using 'UTF-8' encoding to copy filtered resources.
2023-05-30 13:21:55,023 [Worker-0: Building] INFO  o.e.m.c.i.embedder.EclipseLogger - skip non existing resourceDirectory C:\Users\Luka Rudan\Desktop\Diplomski rad\primeri - JavaFx Tutotial for beginners\3.- JavaFX Controls Basics\FileChooser\src\main\resources
2023-05-30 13:21:55,026 [Worker-0: Building] INFO  o.e.m.c.i.embedder.EclipseLogger - Using 'UTF-8' encoding to copy filtered resources.
2023-05-30 13:21:55,027 [Worker-0: Building] INFO  o.e.m.c.i.embedder.EclipseLogger - skip non existing resourceDirectory C:\Users\Luka Rudan\Desktop\Diplomski rad\primeri - JavaFx Tutotial for beginners\3.- JavaFX Controls Basics\FileChooser\src\test\resources
2023-05-30 13:21:55,334 [Worker-0: Building] INFO  o.e.m.c.i.l.LifecycleMappingFactory - Using org.eclipse.m2e.jdt.JarLifecycleMapping lifecycle mapping for MavenProject: maven:jfx:0.0.1-SNAPSHOT @ C:\Users\Luka Rudan\Desktop\Diplomski rad\primeri - JavaFx Tutotial for beginners\3.- JavaFX Controls Basics\JavaFxTest\pom.xml.
2023-05-30 13:21:55,528 [Worker-0: Building] INFO  o.e.m.c.i.embedder.EclipseLogger - Using 'UTF-8' encoding to copy filtered resources.
2023-05-30 13:21:55,528 [Worker-0: Building] INFO  o.e.m.c.i.embedder.EclipseLogger - skip non existing resourceDirectory C:\Users\Luka Rudan\Desktop\Diplomski rad\primeri - JavaFx Tutotial for beginners\3.- JavaFX Controls Basics\JavaFxTest\src\main\resources
2023-05-30 13:21:55,533 [Worker-0: Building] INFO  o.e.m.c.i.embedder.EclipseLogger - Using 'UTF-8' encoding to copy filtered resources.
2023-05-30 13:21:55,534 [Worker-0: Building] INFO  o.e.m.c.i.embedder.EclipseLogger - skip non existing resourceDirectory C:\Users\Luka Rudan\Desktop\Diplomski rad\primeri - JavaFx Tutotial for beginners\3.- JavaFX Controls Basics\JavaFxTest\src\test\resources
2023-05-30 13:21:56,217 [Worker-6: Updating Maven Project] INFO  o.e.m.c.i.p.ProjectConfigurationManager - Update started
2023-05-30 13:21:56,879 [Worker-6: Updating Maven Project] INFO  o.e.m.c.i.l.LifecycleMappingFactory - Using org.eclipse.m2e.jdt.JarLifecycleMapping lifecycle mapping for MavenProject: maven:jfx:0.0.1-SNAPSHOT @ C:\Users\Luka Rudan\Desktop\Diplomski rad\primeri - JavaFx Tutotial for beginners\3.- JavaFX Controls Basics\FileChooser\pom.xml.
2023-05-30 13:21:57,010 [Worker-6: Updating Maven Project] INFO  o.e.m.c.i.l.LifecycleMappingFactory - Using org.eclipse.m2e.jdt.JarLifecycleMapping lifecycle mapping for MavenProject: maven:jfx:0.0.1-SNAPSHOT @ C:\Users\Luka Rudan\Desktop\Diplomski rad\primeri - JavaFx Tutotial for beginners\3.- JavaFX Controls Basics\JavaFxTest\pom.xml.
2023-05-30 13:21:57,476 [Worker-6: Updating Maven Project] INFO  o.e.m.j.i.AbstractJavaProjectConfigurator - Adding source folder /FileChooser/src/main/java
2023-05-30 13:21:57,477 [Worker-6: Updating Maven Project] INFO  o.e.m.j.i.AbstractJavaProjectConfigurator - Adding source folder /FileChooser/src/test/java
2023-05-30 13:21:57,865 [Worker-6: Updating Maven Project] INFO  o.e.m.j.i.AbstractJavaProjectConfigurator - Adding source folder /JavaFxTest/src/main/java
2023-05-30 13:21:57,866 [Worker-6: Updating Maven Project] INFO  o.e.m.j.i.AbstractJavaProjectConfigurator - Adding source folder /JavaFxTest/src/test/java
2023-05-30 13:21:57,870 [Worker-12: Updating Maven Dependencies] INFO  o.e.m.c.i.l.LifecycleMappingFactory - Using org.eclipse.m2e.jdt.JarLifecycleMapping lifecycle mapping for MavenProject: maven:jfx:0.0.1-SNAPSHOT @ C:\Users\Luka Rudan\Desktop\Diplomski rad\primeri - JavaFx Tutotial for beginners\3.- JavaFX Controls Basics\ComboBox, ListView\pom.xml.
2023-05-30 13:21:58,273 [Worker-12: Updating Maven Dependencies] INFO  o.e.m.c.i.l.LifecycleMappingFactory - Using org.eclipse.m2e.jdt.JarLifecycleMapping lifecycle mapping for MavenProject: maven:jfx:0.0.1-SNAPSHOT @ C:\Users\Luka Rudan\Desktop\Diplomski rad\primeri - JavaFx Tutotial for beginners\3.- JavaFX Controls Basics\LoginFx (+image)\pom.xml.
2023-05-30 13:21:58,443 [Worker-6: Updating Maven Project] INFO  o.e.m.c.i.p.ProjectConfigurationManager - Update completed for 2 poms: local refresh takes 0.00 sec, refresh facades takes 0.00 sec, update config takes 0.00 sec 
2023-05-30 13:21:58,454 [Worker-12: Updating Maven Dependencies] INFO  o.e.m.c.i.l.LifecycleMappingFactory - Using org.eclipse.m2e.jdt.JarLifecycleMapping lifecycle mapping for MavenProject: maven:jfx:0.0.1-SNAPSHOT @ C:\Users\Luka Rudan\Desktop\Diplomski rad\primeri - JavaFx Tutotial for beginners\3.- JavaFX Controls Basics\CalculatorFX\pom.xml.
2023-05-30 13:21:58,643 [Worker-12: Updating Maven Dependencies] INFO  o.e.m.c.i.l.LifecycleMappingFactory - Using org.eclipse.m2e.jdt.JarLifecycleMapping lifecycle mapping for MavenProject: maven:jfx:0.0.1-SNAPSHOT @ C:\Users\Luka Rudan\Desktop\Diplomski rad\primeri - JavaFx Tutotial for beginners\3.- JavaFX Controls Basics\FileChooser\pom.xml.
2023-05-30 13:21:58,782 [Worker-12: Updating Maven Dependencies] INFO  o.e.m.c.i.l.LifecycleMappingFactory - Using org.eclipse.m2e.jdt.JarLifecycleMapping lifecycle mapping for MavenProject: maven:jfx:0.0.1-SNAPSHOT @ C:\Users\Luka Rudan\Desktop\Diplomski rad\primeri - JavaFx Tutotial for beginners\3.- JavaFX Controls Basics\JavaFxTest\pom.xml.
2023-05-30 13:21:58,938 [Worker-12: Updating Maven Dependencies] INFO  o.e.m.c.i.l.LifecycleMappingFactory - Using org.eclipse.m2e.jdt.JarLifecycleMapping lifecycle mapping for MavenProject: maven:jfx:0.0.1-SNAPSHOT @ C:\Users\Luka Rudan\Desktop\Diplomski rad\primeri - JavaFx Tutotial for beginners\3.- JavaFX Controls Basics\TreeView\pom.xml.
2023-05-30 13:22:00,076 [Worker-1: Building] INFO  o.e.m.c.i.embedder.EclipseLogger - Using 'UTF-8' encoding to copy filtered resources.
2023-05-30 13:22:00,083 [Worker-1: Building] INFO  o.e.m.c.i.embedder.EclipseLogger - skip non existing resourceDirectory C:\Users\Luka Rudan\Desktop\Diplomski rad\primeri - JavaFx Tutotial for beginners\3.- JavaFX Controls Basics\FileChooser\src\main\resources
2023-05-30 13:22:00,094 [Worker-1: Building] INFO  o.e.m.c.i.embedder.EclipseLogger - Using 'UTF-8' encoding to copy filtered resources.
2023-05-30 13:22:00,094 [Worker-1: Building] INFO  o.e.m.c.i.embedder.EclipseLogger - skip non existing resourceDirectory C:\Users\Luka Rudan\Desktop\Diplomski rad\primeri - JavaFx Tutotial for beginners\3.- JavaFX Controls Basics\FileChooser\src\test\resources
2023-05-30 13:22:00,568 [Worker-1: Building] INFO  o.e.m.c.i.embedder.EclipseLogger - Using 'UTF-8' encoding to copy filtered resources.
2023-05-30 13:22:00,569 [Worker-1: Building] INFO  o.e.m.c.i.embedder.EclipseLogger - skip non existing resourceDirectory C:\Users\Luka Rudan\Desktop\Diplomski rad\primeri - JavaFx Tutotial for beginners\3.- JavaFX Controls Basics\JavaFxTest\src\main\resources
2023-05-30 13:22:00,572 [Worker-1: Building] INFO  o.e.m.c.i.embedder.EclipseLogger - Using 'UTF-8' encoding to copy filtered resources.
2023-05-30 13:22:00,573 [Worker-1: Building] INFO  o.e.m.c.i.embedder.EclipseLogger - skip non existing resourceDirectory C:\Users\Luka Rudan\Desktop\Diplomski rad\primeri - JavaFx Tutotial for beginners\3.- JavaFX Controls Basics\JavaFxTest\src\test\resources
2023-05-30 13:22:00,632 [Worker-1: Building] INFO  o.e.m.c.i.embedder.EclipseLogger - Using 'UTF-8' encoding to copy filtered resources.
2023-05-30 13:22:00,632 [Worker-1: Building] INFO  o.e.m.c.i.embedder.EclipseLogger - skip non existing resourceDirectory C:\Users\Luka Rudan\Desktop\Diplomski rad\primeri - JavaFx Tutotial for beginners\3.- JavaFX Controls Basics\LoginFx (+image)\src\main\resources
2023-05-30 13:22:00,636 [Worker-1: Building] INFO  o.e.m.c.i.embedder.EclipseLogger - Using 'UTF-8' encoding to copy filtered resources.
2023-05-30 13:22:00,636 [Worker-1: Building] INFO  o.e.m.c.i.embedder.EclipseLogger - skip non existing resourceDirectory C:\Users\Luka Rudan\Desktop\Diplomski rad\primeri - JavaFx Tutotial for beginners\3.- JavaFX Controls Basics\LoginFx (+image)\src\test\resources
2023-05-30 13:22:01,161 [Worker-1: Building] INFO  o.e.m.c.i.embedder.EclipseLogger - Using 'UTF-8' encoding to copy filtered resources.
2023-05-30 13:22:01,162 [Worker-1: Building] INFO  o.e.m.c.i.embedder.EclipseLogger - skip non existing resourceDirectory C:\Users\Luka Rudan\Desktop\Diplomski rad\primeri - JavaFx Tutotial for beginners\3.- JavaFX Controls Basics\TreeView\src\main\resources
2023-05-30 13:22:01,165 [Worker-1: Building] INFO  o.e.m.c.i.embedder.EclipseLogger - Using 'UTF-8' encoding to copy filtered resources.
2023-05-30 13:22:01,166 [Worker-1: Building] INFO  o.e.m.c.i.embedder.EclipseLogger - skip non existing resourceDirectory C:\Users\Luka Rudan\Desktop\Diplomski rad\primeri - JavaFx Tutotial for beginners\3.- JavaFX Controls Basics\TreeView\src\test\resources
2023-05-30 13:24:10,267 [Worker-5: Loading available Gradle versions] INFO  o.e.b.c.i.u.g.PublishedGradleVersions - Gradle version information cache is up-to-date. Trying to read.
2023-05-30 13:25:15,583 [Worker-29: Building] INFO  o.e.m.c.i.embedder.EclipseLogger - Using 'UTF-8' encoding to copy filtered resources.
2023-05-30 13:25:15,584 [Worker-29: Building] INFO  o.e.m.c.i.embedder.EclipseLogger - skip non existing resourceDirectory C:\Users\Luka Rudan\Desktop\JAVA -vežbanje-\JavaFX\Login Page with JavaFX\LoginFx (+image)\src\main\resources
2023-05-30 13:25:15,588 [Worker-29: Building] INFO  o.e.m.c.i.embedder.EclipseLogger - Using 'UTF-8' encoding to copy filtered resources.
2023-05-30 13:25:15,588 [Worker-29: Building] INFO  o.e.m.c.i.embedder.EclipseLogger - skip non existing resourceDirectory C:\Users\Luka Rudan\Desktop\JAVA -vežbanje-\JavaFX\Login Page with JavaFX\LoginFx (+image)\src\test\resources
2023-05-30 13:25:42,839 [Worker-3: Building] INFO  o.e.m.c.i.embedder.EclipseLogger - Using 'UTF-8' encoding to copy filtered resources.
2023-05-30 13:25:42,839 [Worker-3: Building] INFO  o.e.m.c.i.embedder.EclipseLogger - skip non existing resourceDirectory C:\Users\Luka Rudan\Desktop\JAVA -vežbanje-\JavaFX\Login Page with JavaFX\LoginFx (+image)\src\main\resources
2023-05-30 13:25:42,841 [Worker-3: Building] INFO  o.e.m.c.i.embedder.EclipseLogger - Using 'UTF-8' encoding to copy filtered resources.
2023-05-30 13:25:42,842 [Worker-3: Building] INFO  o.e.m.c.i.embedder.EclipseLogger - skip non existing resourceDirectory C:\Users\Luka Rudan\Desktop\JAVA -vežbanje-\JavaFX\Login Page with JavaFX\LoginFx (+image)\src\test\resources
2023-05-30 13:26:32,847 [Worker-24: Building] INFO  o.e.m.c.i.embedder.EclipseLogger - Using 'UTF-8' encoding to copy filtered resources.
2023-05-30 13:26:32,848 [Worker-24: Building] INFO  o.e.m.c.i.embedder.EclipseLogger - skip non existing resourceDirectory C:\Users\Luka Rudan\Desktop\JAVA -vežbanje-\JavaFX\Login Page with JavaFX\LoginFx (+image)\src\main\resources
2023-05-30 13:26:32,850 [Worker-24: Building] INFO  o.e.m.c.i.embedder.EclipseLogger - Using 'UTF-8' encoding to copy filtered resources.
2023-05-30 13:26:32,850 [Worker-24: Building] INFO  o.e.m.c.i.embedder.EclipseLogger - skip non existing resourceDirectory C:\Users\Luka Rudan\Desktop\JAVA -vežbanje-\JavaFX\Login Page with JavaFX\LoginFx (+image)\src\test\resources
